2269 19:50:39.271752 --- Starting bitbake server pid 2269 at 2026-01-16 19:50:39.271735 ---
2269 19:50:39.273054 Started bitbake server pid 2269
2269 19:50:39.273532 Entering server connection loop
2269 19:50:39.273553 Lockfile is: /opt/yocto/workspace/rpz/bitbake.lock
Socket is /opt/yocto/workspace/rpz/bitbake.sock (True)
2269 19:50:39.274580 Accepting [<socket.socket fd=6, family=1, type=1, proto=0, laddr=bitbake.sock>] ([])
2269 19:50:39.275412 Processing Client
2269 19:50:39.275450 Connecting Client
2269 19:50:39.275690 Running command ['setFeatures', [2, 1]]
2269 19:50:39.275715 Sending reply (None, None)
2269 19:50:39.275819 Command Completed (socket: True)
2269 19:50:39.276373 Running command ['updateConfig', {'halt': True, 'force': False, 'invalidate_stamp': None, 'dry_run': False, 'dump_signatures': [], 'extra_assume_provided': [], 'profile': False, 'prefile': [], 'postfile': [], 'server_timeout': None, 'nosetscene': False, 'setsceneonly': False, 'skipsetscene': False, 'runall': [], 'runonly': None, 'writeeventlog': None, 'build_verbose_shell': False, 'build_verbose_stdout': False, 'default_loglevel': 20, 'debug_domains': {}}, {'SSL_CERT_FILE': '/etc/ssl/certs/ca-certificates.crt', 'SHELL': '/bin/bash', 'GIT_SSL_CAINFO': '/etc/ssl/certs/ca-certificates.crt', 'LC_ALL': 'en_US.UTF-8', 'USER': 'yocto', 'PATH': '/opt/yocto/workspace/sources/poky/scripts:/opt/yocto/workspace/sources/poky/bitbake/bin:/opt/yocto/workspace/sources/poky/buildtools/sysroots/x86_64-pokysdk-linux/usr/bin:/opt/yocto/workspace/sources/poky/buildtools/sysroots/x86_64-pokysdk-linux/usr/sbin:/opt/yocto/workspace/sources/poky/buildtools/sysroots/x86_64-pokysdk-linux/bin:/opt/yocto/workspace/sources/poky/buildtools/sysroots/x86_64-pokysdk-linux/sbin:/usr/local/sbin:/usr/local/bin:/usr/sbin:/usr/bin:/sbin:/bin:/usr/games:/usr/local/games', 'PWD': '/opt/yocto/workspace/rpz', 'BB_ENV_PASSTHROUGH_ADDITIONS': 'ALL_PROXY BBPATH_EXTRA BB_LOGCONFIG BB_NO_NETWORK BB_NUMBER_THREADS BB_SETSCENE_ENFORCE BB_SRCREV_POLICY DISTRO FTPS_PROXY FTP_PROXY GIT_PROXY_COMMAND GIT_SSL_CAINFO GIT_SSL_CAPATH HTTPS_PROXY HTTP_PROXY MACHINE NO_PROXY PARALLEL_MAKE SCREENDIR SDKMACHINE SOCKS5_PASSWD SOCKS5_USER SSH_AGENT_PID SSH_AUTH_SOCK SSL_CERT_DIR SSL_CERT_FILE STAMPS_DIR TCLIBC TCMODE all_proxy ftp_proxy ftps_proxy http_proxy https_proxy no_proxy ', 'BBPATH': '/opt/yocto/workspace/rpz', 'GIT_SSL_CAPATH': '/etc/ssl/certs', 'SSL_CERT_DIR': '/etc/ssl/certs', 'HOME': '/home/yocto', 'LOGNAME': 'yocto', 'HOSTNAME': '210f5ecd0bfd', 'TERM': 'xterm', 'OE_ADDED_PATHS': '/opt/yocto/workspace/sources/poky/scripts:/opt/yocto/workspace/sources/poky/bitbake/bin:', 'PYTHONNOUSERSITE': '1', 'OPENSSL_ENGINES': '/opt/yocto/workspace/sources/poky/buildtools/sysroots/x86_64-pokysdk-linux/usr/lib/engines-3', 'LS_COLORS': 'rs=0:di=01;34:ln=01;36:mh=00:pi=40;33:so=01;35:do=01;35:bd=40;33;01:cd=40;33;01:or=40;31;01:mi=00:su=37;41:sg=30;43:ca=30;41:tw=30;42:ow=34;42:st=37;44:ex=01;32:*.tar=01;31:*.tgz=01;31:*.arc=01;31:*.arj=01;31:*.taz=01;31:*.lha=01;31:*.lz4=01;31:*.lzh=01;31:*.lzma=01;31:*.tlz=01;31:*.txz=01;31:*.tzo=01;31:*.t7z=01;31:*.zip=01;31:*.z=01;31:*.Z=01;31:*.dz=01;31:*.gz=01;31:*.lrz=01;31:*.lz=01;31:*.lzo=01;31:*.xz=01;31:*.bz2=01;31:*.bz=01;31:*.tbz=01;31:*.tbz2=01;31:*.tz=01;31:*.deb=01;31:*.rpm=01;31:*.jar=01;31:*.war=01;31:*.ear=01;31:*.sar=01;31:*.rar=01;31:*.alz=01;31:*.ace=01;31:*.zoo=01;31:*.cpio=01;31:*.7z=01;31:*.rz=01;31:*.cab=01;31:*.jpg=01;35:*.jpeg=01;35:*.gif=01;35:*.bmp=01;35:*.pbm=01;35:*.pgm=01;35:*.ppm=01;35:*.tga=01;35:*.xbm=01;35:*.xpm=01;35:*.tif=01;35:*.tiff=01;35:*.png=01;35:*.svg=01;35:*.svgz=01;35:*.mng=01;35:*.pcx=01;35:*.mov=01;35:*.mpg=01;35:*.mpeg=01;35:*.m2v=01;35:*.mkv=01;35:*.webm=01;35:*.ogm=01;35:*.mp4=01;35:*.m4v=01;35:*.mp4v=01;35:*.vob=01;35:*.qt=01;35:*.nuv=01;35:*.wmv=01;35:*.asf=01;35:*.rm=01;35:*.rmvb=01;35:*.flc=01;35:*.avi=01;35:*.fli=01;35:*.flv=01;35:*.gl=01;35:*.dl=01;35:*.xcf=01;35:*.xwd=01;35:*.yuv=01;35:*.cgm=01;35:*.emf=01;35:*.ogv=01;35:*.ogx=01;35:*.aac=00;36:*.au=00;36:*.flac=00;36:*.m4a=00;36:*.mid=00;36:*.midi=00;36:*.mka=00;36:*.mp3=00;36:*.mpc=00;36:*.ogg=00;36:*.ra=00;36:*.wav=00;36:*.oga=00;36:*.opus=00;36:*.spx=00;36:*.xspf=00;36:', 'SUDO_USER': 'root', 'XENVIRONMENT': '/home/yocto/.Xresources', 'SUDO_UID': '0', 'DL_DIR': '/opt/yocto/cache/downloads', 'USERNAME': 'root', 'SSTATE_DIR': '/opt/yocto/cache/sstate', 'OPENSSL_MODULES': '/opt/yocto/workspace/sources/poky/buildtools/sysroots/x86_64-pokysdk-linux/usr/lib/ossl-modules/', 'TERMINFO_DIRS': '/opt/yocto/workspace/sources/poky/buildtools/sysroots/x86_64-pokysdk-linux/usr/bin/../../etc/terminfo:/etc/terminfo:/usr/share/terminfo:/usr/share/misc/terminfo:/lib/terminfo', 'MAIL': '/var/mail/yocto', 'EDITOR': 'vim', 'LANG': 'en_US.UTF-8', 'PKG_CONFIG_LIBDIR': '/opt/yocto/workspace/sources/poky/buildtools/sysroots/x86_64-pokysdk-linux//usr/lib/pkgconfig:/opt/yocto/workspace/sources/poky/buildtools/sysroots/x86_64-pokysdk-linux//usr/share/pkgconfig:/usr/local/lib/x86_64-linux-gnu/pkgconfig:/usr/local/lib/pkgconfig:/usr/local/share/pkgconfig:/usr/lib/x86_64-linux-gnu/pkgconfig:/usr/lib/pkgconfig:/usr/share/pkgconfig', 'SHLVL': '2', 'SUDO_COMMAND': '/bin/bash -c groupadd -g 7777 yocto && useradd --password U6aMy0wojraho --shell /bin/bash -u 1000 -g 7777         yocto && usermod -aG sudo yocto && usermod -aG users yocto && cd /opt/yocto && su yocto', 'BUILDDIR': '/opt/yocto/workspace/rpz', 'OPENSSL_CONF': '/opt/yocto/workspace/sources/poky/buildtools/sysroots/x86_64-pokysdk-linux/usr/lib/ssl-3/openssl.cnf', 'PYTHONPATH': '/opt/yocto/workspace/sources/poky/bitbake/lib:', 'LESSOPEN': '| /usr/bin/lesspipe %s', 'SUDO_GID': '0', 'LESSCLOSE': '/usr/bin/lesspipe %s %s'}, ['/opt/yocto/workspace/sources/poky/bitbake/bin/bitbake', 'core-image-minimal']]
2269 19:50:39.618821 Sending reply (None, 'bb.BBHandledException()\nTraceback (most recent call last):\n  File "/opt/yocto/workspace/sources/poky/bitbake/lib/bb/cookerdata.py", line 162, in wrapped\n    return func(fn, *args)\n           ^^^^^^^^^^^^^^^\n  File "/opt/yocto/workspace/sources/poky/bitbake/lib/bb/cookerdata.py", line 179, in parse_config_file\n    return bb.parse.handle(fn, data, include, baseconfig=True)\n           ^^^^^^^^^^^^^^^^^^^^^^^^^^^^^^^^^^^^^^^^^^^^^^^^^^^\n  File "/opt/yocto/workspace/sources/poky/bitbake/lib/bb/parse/__init__.py", line 119, in handle\n    return h[\'handle\'](fn, data, include, baseconfig)\n           ^^^^^^^^^^^^^^^^^^^^^^^^^^^^^^^^^^^^^^^^^^\n  File "/opt/yocto/workspace/sources/poky/bitbake/lib/bb/parse/parse_py/ConfHandler.py", line 152, in handle\n    statements.eval(data)\n  File "/opt/yocto/workspace/sources/poky/bitbake/lib/bb/parse/ast.py", line 20, in eval\n    statement.eval(data)\n  File "/opt/yocto/workspace/sources/poky/bitbake/lib/bb/parse/ast.py", line 44, in eval\n    bb.parse.ConfHandler.include(self.filename, s, self.lineno, data, False)\n  File "/opt/yocto/workspace/sources/poky/bitbake/lib/bb/parse/parse_py/ConfHandler.py", line 68, in include\n    include_single_file(parentfn, fn, lineno, data, error_out)\n  File "/opt/yocto/workspace/sources/poky/bitbake/lib/bb/parse/parse_py/ConfHandler.py", line 91, in include_single_file\n    bb.parse.handle(fn, data, True)\n  File "/opt/yocto/workspace/sources/poky/bitbake/lib/bb/parse/__init__.py", line 119, in handle\n    return h[\'handle\'](fn, data, include, baseconfig)\n           ^^^^^^^^^^^^^^^^^^^^^^^^^^^^^^^^^^^^^^^^^^\n  File "/opt/yocto/workspace/sources/poky/bitbake/lib/bb/parse/parse_py/ConfHandler.py", line 152, in handle\n    statements.eval(data)\n  File "/opt/yocto/workspace/sources/poky/bitbake/lib/bb/parse/ast.py", line 20, in eval\n    statement.eval(data)\n  File "/opt/yocto/workspace/sources/poky/bitbake/lib/bb/parse/ast.py", line 150, in eval\n    data.setVar(key, val, parsing=True, **loginfo)\n  File "/opt/yocto/workspace/sources/poky/bitbake/lib/bb/data_smart.py", line 551, in setVar\n    bb.fatal("Variable %s contains an operation using the old override syntax. Please convert this layer/metadata before attempting to use with a newer bitbake." % info)\n  File "/opt/yocto/workspace/sources/poky/bitbake/lib/bb/__init__.py", line 218, in fatal\n    raise BBHandledException()\nbb.BBHandledException\n\nDuring handling of the above exception, another exception occurred:\n\nTraceback (most recent call last):\n  File "/opt/yocto/workspace/sources/poky/bitbake/lib/bb/command.py", line 90, in runCommand\n    result = command_method(self, commandline)\n             ^^^^^^^^^^^^^^^^^^^^^^^^^^^^^^^^^\n  File "/opt/yocto/workspace/sources/poky/bitbake/lib/bb/command.py", line 290, in updateConfig\n    command.cooker.updateConfigOpts(options, environment, cmdline)\n  File "/opt/yocto/workspace/sources/poky/bitbake/lib/bb/cooker.py", line 463, in updateConfigOpts\n    self.reset()\n  File "/opt/yocto/workspace/sources/poky/bitbake/lib/bb/cooker.py", line 1736, in reset\n    self.initConfigurationData()\n  File "/opt/yocto/workspace/sources/poky/bitbake/lib/bb/cooker.py", line 283, in initConfigurationData\n    self.databuilder.parseBaseConfiguration()\n  File "/opt/yocto/workspace/sources/poky/bitbake/lib/bb/cookerdata.py", line 261, in parseBaseConfiguration\n    self.data = self.parseConfigurationFiles(self.prefiles, self.postfiles)\n                ^^^^^^^^^^^^^^^^^^^^^^^^^^^^^^^^^^^^^^^^^^^^^^^^^^^^^^^^^^^\n  File "/opt/yocto/workspace/sources/poky/bitbake/lib/bb/cookerdata.py", line 471, in parseConfigurationFiles\n    data = parse_config_file(os.path.join("conf", "bitbake.conf"), data)\n           ^^^^^^^^^^^^^^^^^^^^^^^^^^^^^^^^^^^^^^^^^^^^^^^^^^^^^^^^^^^^^\n  File "/opt/yocto/workspace/sources/poky/bitbake/lib/bb/cookerdata.py", line 174, in wrapped\n    raise bb.BBHandledException()\nbb.BBHandledException\n')
2269 19:50:39.619037 Command Completed (socket: True)
2269 19:50:39.872766 Processing Client
2269 19:50:39.872843 Disconnecting Client (socket: True)
2269 19:50:39.872948 No timeout, exiting.
2269 19:50:39.987444 Exiting (socket: True)
2269 19:50:39.987856 Exiting as we could obtain the lock
sys:1: ResourceWarning: unclosed file <_io.TextIOWrapper name='/opt/yocto/workspace/rpz/bitbake-cookerdaemon.log' mode='a+' encoding='UTF-8'>
2312 19:55:57.051532 --- Starting bitbake server pid 2312 at 2026-01-16 19:55:57.051515 ---
2312 19:55:57.052198 Started bitbake server pid 2312
2312 19:55:57.052324 Entering server connection loop
2312 19:55:57.052340 Lockfile is: /opt/yocto/workspace/rpz/bitbake.lock
Socket is /opt/yocto/workspace/rpz/bitbake.sock (True)
2312 19:55:57.053548 Accepting [<socket.socket fd=6, family=1, type=1, proto=0, laddr=bitbake.sock>] ([])
2312 19:55:57.054851 Processing Client
2312 19:55:57.054883 Connecting Client
2312 19:55:57.055106 Running command ['setFeatures', [2, 1]]
2312 19:55:57.055131 Sending reply (None, None)
2312 19:55:57.055234 Command Completed (socket: True)
2312 19:55:57.055951 Running command ['updateConfig', {'halt': True, 'force': False, 'invalidate_stamp': None, 'dry_run': False, 'dump_signatures': [], 'extra_assume_provided': [], 'profile': False, 'prefile': [], 'postfile': [], 'server_timeout': None, 'nosetscene': False, 'setsceneonly': False, 'skipsetscene': False, 'runall': [], 'runonly': None, 'writeeventlog': None, 'build_verbose_shell': False, 'build_verbose_stdout': False, 'default_loglevel': 20, 'debug_domains': {}}, {'SSL_CERT_FILE': '/etc/ssl/certs/ca-certificates.crt', 'SHELL': '/bin/bash', 'GIT_SSL_CAINFO': '/etc/ssl/certs/ca-certificates.crt', 'LC_ALL': 'en_US.UTF-8', 'USER': 'yocto', 'PATH': '/opt/yocto/workspace/sources/poky/scripts:/opt/yocto/workspace/sources/poky/bitbake/bin:/opt/yocto/workspace/sources/poky/buildtools/sysroots/x86_64-pokysdk-linux/usr/bin:/opt/yocto/workspace/sources/poky/buildtools/sysroots/x86_64-pokysdk-linux/usr/sbin:/opt/yocto/workspace/sources/poky/buildtools/sysroots/x86_64-pokysdk-linux/bin:/opt/yocto/workspace/sources/poky/buildtools/sysroots/x86_64-pokysdk-linux/sbin:/usr/local/sbin:/usr/local/bin:/usr/sbin:/usr/bin:/sbin:/bin:/usr/games:/usr/local/games', 'PWD': '/opt/yocto/workspace', 'BB_ENV_PASSTHROUGH_ADDITIONS': 'ALL_PROXY BBPATH_EXTRA BB_LOGCONFIG BB_NO_NETWORK BB_NUMBER_THREADS BB_SETSCENE_ENFORCE BB_SRCREV_POLICY DISTRO FTPS_PROXY FTP_PROXY GIT_PROXY_COMMAND GIT_SSL_CAINFO GIT_SSL_CAPATH HTTPS_PROXY HTTP_PROXY MACHINE NO_PROXY PARALLEL_MAKE SCREENDIR SDKMACHINE SOCKS5_PASSWD SOCKS5_USER SSH_AGENT_PID SSH_AUTH_SOCK SSL_CERT_DIR SSL_CERT_FILE STAMPS_DIR TCLIBC TCMODE all_proxy ftp_proxy ftps_proxy http_proxy https_proxy no_proxy ', 'BBPATH': '/opt/yocto/workspace/rpz', 'GIT_SSL_CAPATH': '/etc/ssl/certs', 'SSL_CERT_DIR': '/etc/ssl/certs', 'HOME': '/home/yocto', 'LOGNAME': 'yocto', 'HOSTNAME': '210f5ecd0bfd', 'TERM': 'xterm', 'OE_ADDED_PATHS': '/opt/yocto/workspace/sources/poky/scripts:/opt/yocto/workspace/sources/poky/bitbake/bin:', 'PYTHONNOUSERSITE': '1', 'OPENSSL_ENGINES': '/opt/yocto/workspace/sources/poky/buildtools/sysroots/x86_64-pokysdk-linux/usr/lib/engines-3', 'LS_COLORS': 'rs=0:di=01;34:ln=01;36:mh=00:pi=40;33:so=01;35:do=01;35:bd=40;33;01:cd=40;33;01:or=40;31;01:mi=00:su=37;41:sg=30;43:ca=30;41:tw=30;42:ow=34;42:st=37;44:ex=01;32:*.tar=01;31:*.tgz=01;31:*.arc=01;31:*.arj=01;31:*.taz=01;31:*.lha=01;31:*.lz4=01;31:*.lzh=01;31:*.lzma=01;31:*.tlz=01;31:*.txz=01;31:*.tzo=01;31:*.t7z=01;31:*.zip=01;31:*.z=01;31:*.Z=01;31:*.dz=01;31:*.gz=01;31:*.lrz=01;31:*.lz=01;31:*.lzo=01;31:*.xz=01;31:*.bz2=01;31:*.bz=01;31:*.tbz=01;31:*.tbz2=01;31:*.tz=01;31:*.deb=01;31:*.rpm=01;31:*.jar=01;31:*.war=01;31:*.ear=01;31:*.sar=01;31:*.rar=01;31:*.alz=01;31:*.ace=01;31:*.zoo=01;31:*.cpio=01;31:*.7z=01;31:*.rz=01;31:*.cab=01;31:*.jpg=01;35:*.jpeg=01;35:*.gif=01;35:*.bmp=01;35:*.pbm=01;35:*.pgm=01;35:*.ppm=01;35:*.tga=01;35:*.xbm=01;35:*.xpm=01;35:*.tif=01;35:*.tiff=01;35:*.png=01;35:*.svg=01;35:*.svgz=01;35:*.mng=01;35:*.pcx=01;35:*.mov=01;35:*.mpg=01;35:*.mpeg=01;35:*.m2v=01;35:*.mkv=01;35:*.webm=01;35:*.ogm=01;35:*.mp4=01;35:*.m4v=01;35:*.mp4v=01;35:*.vob=01;35:*.qt=01;35:*.nuv=01;35:*.wmv=01;35:*.asf=01;35:*.rm=01;35:*.rmvb=01;35:*.flc=01;35:*.avi=01;35:*.fli=01;35:*.flv=01;35:*.gl=01;35:*.dl=01;35:*.xcf=01;35:*.xwd=01;35:*.yuv=01;35:*.cgm=01;35:*.emf=01;35:*.ogv=01;35:*.ogx=01;35:*.aac=00;36:*.au=00;36:*.flac=00;36:*.m4a=00;36:*.mid=00;36:*.midi=00;36:*.mka=00;36:*.mp3=00;36:*.mpc=00;36:*.ogg=00;36:*.ra=00;36:*.wav=00;36:*.oga=00;36:*.opus=00;36:*.spx=00;36:*.xspf=00;36:', 'SUDO_USER': 'root', 'XENVIRONMENT': '/home/yocto/.Xresources', 'SUDO_UID': '0', 'DL_DIR': '/opt/yocto/cache/downloads', 'USERNAME': 'root', 'SSTATE_DIR': '/opt/yocto/cache/sstate', 'OPENSSL_MODULES': '/opt/yocto/workspace/sources/poky/buildtools/sysroots/x86_64-pokysdk-linux/usr/lib/ossl-modules/', 'TERMINFO_DIRS': '/opt/yocto/workspace/sources/poky/buildtools/sysroots/x86_64-pokysdk-linux/usr/bin/../../etc/terminfo:/etc/terminfo:/usr/share/terminfo:/usr/share/misc/terminfo:/lib/terminfo', 'MAIL': '/var/mail/yocto', 'EDITOR': 'vim', 'LANG': 'en_US.UTF-8', 'PKG_CONFIG_LIBDIR': '/opt/yocto/workspace/sources/poky/buildtools/sysroots/x86_64-pokysdk-linux//usr/lib/pkgconfig:/opt/yocto/workspace/sources/poky/buildtools/sysroots/x86_64-pokysdk-linux//usr/share/pkgconfig:/usr/local/lib/x86_64-linux-gnu/pkgconfig:/usr/local/lib/pkgconfig:/usr/local/share/pkgconfig:/usr/lib/x86_64-linux-gnu/pkgconfig:/usr/lib/pkgconfig:/usr/share/pkgconfig', 'SHLVL': '2', 'SUDO_COMMAND': '/bin/bash -c groupadd -g 7777 yocto && useradd --password U6aMy0wojraho --shell /bin/bash -u 1000 -g 7777         yocto && usermod -aG sudo yocto && usermod -aG users yocto && cd /opt/yocto && su yocto', 'BUILDDIR': '/opt/yocto/workspace/rpz', 'OPENSSL_CONF': '/opt/yocto/workspace/sources/poky/buildtools/sysroots/x86_64-pokysdk-linux/usr/lib/ssl-3/openssl.cnf', 'PYTHONPATH': '/opt/yocto/workspace/sources/poky/bitbake/lib:', 'LESSOPEN': '| /usr/bin/lesspipe %s', 'SUDO_GID': '0', 'LESSCLOSE': '/usr/bin/lesspipe %s %s'}, ['/opt/yocto/workspace/sources/poky/bitbake/bin/bitbake', 'core-image-minimal']]
2312 19:55:57.502056 Sending reply (None, 'bb.BBHandledException()\nTraceback (most recent call last):\n  File "/opt/yocto/workspace/sources/poky/bitbake/lib/bb/cookerdata.py", line 162, in wrapped\n    return func(fn, *args)\n           ^^^^^^^^^^^^^^^\n  File "/opt/yocto/workspace/sources/poky/bitbake/lib/bb/cookerdata.py", line 183, in _inherit\n    bb.parse.BBHandler.inherit(bbclass, "configuration INHERITs", 0, data)\n  File "/opt/yocto/workspace/sources/poky/bitbake/lib/bb/parse/parse_py/BBHandler.py", line 71, in inherit\n    raise ParseError("Could not inherit file %s" % (file), fn, lineno)\nbb.parse.ParseError: ParseError in configuration INHERITs: Could not inherit file classes/image-mklibs.bbclass\n\nDuring handling of the above exception, another exception occurred:\n\nTraceback (most recent call last):\n  File "/opt/yocto/workspace/sources/poky/bitbake/lib/bb/command.py", line 90, in runCommand\n    result = command_method(self, commandline)\n             ^^^^^^^^^^^^^^^^^^^^^^^^^^^^^^^^^\n  File "/opt/yocto/workspace/sources/poky/bitbake/lib/bb/command.py", line 290, in updateConfig\n    command.cooker.updateConfigOpts(options, environment, cmdline)\n  File "/opt/yocto/workspace/sources/poky/bitbake/lib/bb/cooker.py", line 463, in updateConfigOpts\n    self.reset()\n  File "/opt/yocto/workspace/sources/poky/bitbake/lib/bb/cooker.py", line 1736, in reset\n    self.initConfigurationData()\n  File "/opt/yocto/workspace/sources/poky/bitbake/lib/bb/cooker.py", line 283, in initConfigurationData\n    self.databuilder.parseBaseConfiguration()\n  File "/opt/yocto/workspace/sources/poky/bitbake/lib/bb/cookerdata.py", line 261, in parseBaseConfiguration\n    self.data = self.parseConfigurationFiles(self.prefiles, self.postfiles)\n                ^^^^^^^^^^^^^^^^^^^^^^^^^^^^^^^^^^^^^^^^^^^^^^^^^^^^^^^^^^^\n  File "/opt/yocto/workspace/sources/poky/bitbake/lib/bb/cookerdata.py", line 480, in parseConfigurationFiles\n    data = _inherit(bbclass, data)\n           ^^^^^^^^^^^^^^^^^^^^^^^\n  File "/opt/yocto/workspace/sources/poky/bitbake/lib/bb/cookerdata.py", line 174, in wrapped\n    raise bb.BBHandledException()\nbb.BBHandledException\n')
2312 19:55:57.502183 Command Completed (socket: True)
2312 19:55:57.756329 Processing Client
2312 19:55:57.756416 Disconnecting Client (socket: True)
2312 19:55:57.756544 No timeout, exiting.
2312 19:55:57.856843 Exiting (socket: True)
2312 19:55:57.857399 Lockfile directory gone, exiting.
sys:1: ResourceWarning: unclosed file <_io.TextIOWrapper name='/opt/yocto/workspace/rpz/bitbake-cookerdaemon.log' mode='a+' encoding='UTF-8'>
2346 19:56:12.491976 --- Starting bitbake server pid 2346 at 2026-01-16 19:56:12.491958 ---
2346 19:56:12.492820 Started bitbake server pid 2346
2346 19:56:12.493094 Entering server connection loop
2346 19:56:12.493114 Lockfile is: /opt/yocto/workspace/rpz/bitbake.lock
Socket is /opt/yocto/workspace/rpz/bitbake.sock (True)
2346 19:56:12.494160 Accepting [<socket.socket fd=6, family=1, type=1, proto=0, laddr=bitbake.sock>] ([])
2346 19:56:12.494771 Processing Client
2346 19:56:12.494815 Connecting Client
2346 19:56:12.495149 Running command ['setFeatures', [2, 1]]
2346 19:56:12.495181 Sending reply (None, None)
2346 19:56:12.495306 Command Completed (socket: True)
2346 19:56:12.495929 Running command ['updateConfig', {'halt': True, 'force': False, 'invalidate_stamp': None, 'dry_run': False, 'dump_signatures': [], 'extra_assume_provided': [], 'profile': False, 'prefile': [], 'postfile': [], 'server_timeout': None, 'nosetscene': False, 'setsceneonly': False, 'skipsetscene': False, 'runall': [], 'runonly': None, 'writeeventlog': None, 'build_verbose_shell': False, 'build_verbose_stdout': False, 'default_loglevel': 20, 'debug_domains': {}}, {'SSL_CERT_FILE': '/etc/ssl/certs/ca-certificates.crt', 'SHELL': '/bin/bash', 'GIT_SSL_CAINFO': '/etc/ssl/certs/ca-certificates.crt', 'LC_ALL': 'en_US.UTF-8', 'USER': 'yocto', 'PATH': '/opt/yocto/workspace/sources/poky/scripts:/opt/yocto/workspace/sources/poky/bitbake/bin:/opt/yocto/workspace/sources/poky/buildtools/sysroots/x86_64-pokysdk-linux/usr/bin:/opt/yocto/workspace/sources/poky/buildtools/sysroots/x86_64-pokysdk-linux/usr/sbin:/opt/yocto/workspace/sources/poky/buildtools/sysroots/x86_64-pokysdk-linux/bin:/opt/yocto/workspace/sources/poky/buildtools/sysroots/x86_64-pokysdk-linux/sbin:/usr/local/sbin:/usr/local/bin:/usr/sbin:/usr/bin:/sbin:/bin:/usr/games:/usr/local/games', 'PWD': '/opt/yocto/workspace', 'BB_ENV_PASSTHROUGH_ADDITIONS': 'ALL_PROXY BBPATH_EXTRA BB_LOGCONFIG BB_NO_NETWORK BB_NUMBER_THREADS BB_SETSCENE_ENFORCE BB_SRCREV_POLICY DISTRO FTPS_PROXY FTP_PROXY GIT_PROXY_COMMAND GIT_SSL_CAINFO GIT_SSL_CAPATH HTTPS_PROXY HTTP_PROXY MACHINE NO_PROXY PARALLEL_MAKE SCREENDIR SDKMACHINE SOCKS5_PASSWD SOCKS5_USER SSH_AGENT_PID SSH_AUTH_SOCK SSL_CERT_DIR SSL_CERT_FILE STAMPS_DIR TCLIBC TCMODE all_proxy ftp_proxy ftps_proxy http_proxy https_proxy no_proxy ', 'BBPATH': '/opt/yocto/workspace/rpz', 'GIT_SSL_CAPATH': '/etc/ssl/certs', 'SSL_CERT_DIR': '/etc/ssl/certs', 'HOME': '/home/yocto', 'LOGNAME': 'yocto', 'HOSTNAME': '210f5ecd0bfd', 'TERM': 'xterm', 'OE_ADDED_PATHS': '/opt/yocto/workspace/sources/poky/scripts:/opt/yocto/workspace/sources/poky/bitbake/bin:', 'PYTHONNOUSERSITE': '1', 'OPENSSL_ENGINES': '/opt/yocto/workspace/sources/poky/buildtools/sysroots/x86_64-pokysdk-linux/usr/lib/engines-3', 'LS_COLORS': 'rs=0:di=01;34:ln=01;36:mh=00:pi=40;33:so=01;35:do=01;35:bd=40;33;01:cd=40;33;01:or=40;31;01:mi=00:su=37;41:sg=30;43:ca=30;41:tw=30;42:ow=34;42:st=37;44:ex=01;32:*.tar=01;31:*.tgz=01;31:*.arc=01;31:*.arj=01;31:*.taz=01;31:*.lha=01;31:*.lz4=01;31:*.lzh=01;31:*.lzma=01;31:*.tlz=01;31:*.txz=01;31:*.tzo=01;31:*.t7z=01;31:*.zip=01;31:*.z=01;31:*.Z=01;31:*.dz=01;31:*.gz=01;31:*.lrz=01;31:*.lz=01;31:*.lzo=01;31:*.xz=01;31:*.bz2=01;31:*.bz=01;31:*.tbz=01;31:*.tbz2=01;31:*.tz=01;31:*.deb=01;31:*.rpm=01;31:*.jar=01;31:*.war=01;31:*.ear=01;31:*.sar=01;31:*.rar=01;31:*.alz=01;31:*.ace=01;31:*.zoo=01;31:*.cpio=01;31:*.7z=01;31:*.rz=01;31:*.cab=01;31:*.jpg=01;35:*.jpeg=01;35:*.gif=01;35:*.bmp=01;35:*.pbm=01;35:*.pgm=01;35:*.ppm=01;35:*.tga=01;35:*.xbm=01;35:*.xpm=01;35:*.tif=01;35:*.tiff=01;35:*.png=01;35:*.svg=01;35:*.svgz=01;35:*.mng=01;35:*.pcx=01;35:*.mov=01;35:*.mpg=01;35:*.mpeg=01;35:*.m2v=01;35:*.mkv=01;35:*.webm=01;35:*.ogm=01;35:*.mp4=01;35:*.m4v=01;35:*.mp4v=01;35:*.vob=01;35:*.qt=01;35:*.nuv=01;35:*.wmv=01;35:*.asf=01;35:*.rm=01;35:*.rmvb=01;35:*.flc=01;35:*.avi=01;35:*.fli=01;35:*.flv=01;35:*.gl=01;35:*.dl=01;35:*.xcf=01;35:*.xwd=01;35:*.yuv=01;35:*.cgm=01;35:*.emf=01;35:*.ogv=01;35:*.ogx=01;35:*.aac=00;36:*.au=00;36:*.flac=00;36:*.m4a=00;36:*.mid=00;36:*.midi=00;36:*.mka=00;36:*.mp3=00;36:*.mpc=00;36:*.ogg=00;36:*.ra=00;36:*.wav=00;36:*.oga=00;36:*.opus=00;36:*.spx=00;36:*.xspf=00;36:', 'SUDO_USER': 'root', 'XENVIRONMENT': '/home/yocto/.Xresources', 'SUDO_UID': '0', 'DL_DIR': '/opt/yocto/cache/downloads', 'USERNAME': 'root', 'SSTATE_DIR': '/opt/yocto/cache/sstate', 'OPENSSL_MODULES': '/opt/yocto/workspace/sources/poky/buildtools/sysroots/x86_64-pokysdk-linux/usr/lib/ossl-modules/', 'TERMINFO_DIRS': '/opt/yocto/workspace/sources/poky/buildtools/sysroots/x86_64-pokysdk-linux/usr/bin/../../etc/terminfo:/etc/terminfo:/usr/share/terminfo:/usr/share/misc/terminfo:/lib/terminfo', 'MAIL': '/var/mail/yocto', 'EDITOR': 'vim', 'LANG': 'en_US.UTF-8', 'PKG_CONFIG_LIBDIR': '/opt/yocto/workspace/sources/poky/buildtools/sysroots/x86_64-pokysdk-linux//usr/lib/pkgconfig:/opt/yocto/workspace/sources/poky/buildtools/sysroots/x86_64-pokysdk-linux//usr/share/pkgconfig:/usr/local/lib/x86_64-linux-gnu/pkgconfig:/usr/local/lib/pkgconfig:/usr/local/share/pkgconfig:/usr/lib/x86_64-linux-gnu/pkgconfig:/usr/lib/pkgconfig:/usr/share/pkgconfig', 'SHLVL': '2', 'SUDO_COMMAND': '/bin/bash -c groupadd -g 7777 yocto && useradd --password U6aMy0wojraho --shell /bin/bash -u 1000 -g 7777         yocto && usermod -aG sudo yocto && usermod -aG users yocto && cd /opt/yocto && su yocto', 'BUILDDIR': '/opt/yocto/workspace/rpz', 'OPENSSL_CONF': '/opt/yocto/workspace/sources/poky/buildtools/sysroots/x86_64-pokysdk-linux/usr/lib/ssl-3/openssl.cnf', 'PYTHONPATH': '/opt/yocto/workspace/sources/poky/bitbake/lib:', 'LESSOPEN': '| /usr/bin/lesspipe %s', 'SUDO_GID': '0', 'LESSCLOSE': '/usr/bin/lesspipe %s %s'}, ['/opt/yocto/workspace/sources/poky/bitbake/bin/bitbake', 'core-image-minimal']]
2346 19:56:12.946754 Sending reply (None, 'bb.BBHandledException()\nTraceback (most recent call last):\n  File "/opt/yocto/workspace/sources/poky/bitbake/lib/bb/cookerdata.py", line 162, in wrapped\n    return func(fn, *args)\n           ^^^^^^^^^^^^^^^\n  File "/opt/yocto/workspace/sources/poky/bitbake/lib/bb/cookerdata.py", line 183, in _inherit\n    bb.parse.BBHandler.inherit(bbclass, "configuration INHERITs", 0, data)\n  File "/opt/yocto/workspace/sources/poky/bitbake/lib/bb/parse/parse_py/BBHandler.py", line 71, in inherit\n    raise ParseError("Could not inherit file %s" % (file), fn, lineno)\nbb.parse.ParseError: ParseError in configuration INHERITs: Could not inherit file classes/image-mklibs.bbclass\n\nDuring handling of the above exception, another exception occurred:\n\nTraceback (most recent call last):\n  File "/opt/yocto/workspace/sources/poky/bitbake/lib/bb/command.py", line 90, in runCommand\n    result = command_method(self, commandline)\n             ^^^^^^^^^^^^^^^^^^^^^^^^^^^^^^^^^\n  File "/opt/yocto/workspace/sources/poky/bitbake/lib/bb/command.py", line 290, in updateConfig\n    command.cooker.updateConfigOpts(options, environment, cmdline)\n  File "/opt/yocto/workspace/sources/poky/bitbake/lib/bb/cooker.py", line 463, in updateConfigOpts\n    self.reset()\n  File "/opt/yocto/workspace/sources/poky/bitbake/lib/bb/cooker.py", line 1736, in reset\n    self.initConfigurationData()\n  File "/opt/yocto/workspace/sources/poky/bitbake/lib/bb/cooker.py", line 283, in initConfigurationData\n    self.databuilder.parseBaseConfiguration()\n  File "/opt/yocto/workspace/sources/poky/bitbake/lib/bb/cookerdata.py", line 261, in parseBaseConfiguration\n    self.data = self.parseConfigurationFiles(self.prefiles, self.postfiles)\n                ^^^^^^^^^^^^^^^^^^^^^^^^^^^^^^^^^^^^^^^^^^^^^^^^^^^^^^^^^^^\n  File "/opt/yocto/workspace/sources/poky/bitbake/lib/bb/cookerdata.py", line 480, in parseConfigurationFiles\n    data = _inherit(bbclass, data)\n           ^^^^^^^^^^^^^^^^^^^^^^^\n  File "/opt/yocto/workspace/sources/poky/bitbake/lib/bb/cookerdata.py", line 174, in wrapped\n    raise bb.BBHandledException()\nbb.BBHandledException\n')
2346 19:56:12.946884 Command Completed (socket: True)
2346 19:56:13.203495 Processing Client
2346 19:56:13.203586 Disconnecting Client (socket: True)
2346 19:56:13.203722 No timeout, exiting.
2346 19:56:13.307934 Exiting (socket: True)
2346 19:56:13.311007 Lockfile directory gone, exiting.
sys:1: ResourceWarning: unclosed file <_io.TextIOWrapper name='/opt/yocto/workspace/rpz/bitbake-cookerdaemon.log' mode='a+' encoding='UTF-8'>
2702192 20:30:06.066443 --- Starting bitbake server pid 2702192 at 2026-01-16 20:30:06.066420 ---
2702192 20:30:06.067128 Started bitbake server pid 2702192
2702192 20:30:06.067284 Entering server connection loop
2702192 20:30:06.067300 Lockfile is: /home/its/tools/yocto/docker/z/workspace/rpz/bitbake.lock
Socket is /home/its/tools/yocto/docker/z/workspace/rpz/bitbake.sock (True)
2702192 20:30:06.067870 Accepting [<socket.socket fd=6, family=1, type=1, proto=0, laddr=bitbake.sock>] ([])
2702192 20:30:06.068746 Processing Client
2702192 20:30:06.068791 Connecting Client
2702192 20:30:06.068995 Running command ['setFeatures', [2, 1]]
2702192 20:30:06.069021 Sending reply (None, None)
2702192 20:30:06.069125 Command Completed (socket: True)
2702192 20:30:06.069654 Running command ['updateConfig', {'halt': True, 'force': False, 'invalidate_stamp': None, 'dry_run': False, 'dump_signatures': [], 'extra_assume_provided': [], 'profile': False, 'prefile': [], 'postfile': [], 'server_timeout': None, 'nosetscene': False, 'setsceneonly': False, 'skipsetscene': False, 'runall': [], 'runonly': None, 'writeeventlog': None, 'build_verbose_shell': False, 'build_verbose_stdout': False, 'default_loglevel': 20, 'debug_domains': {}}, {'SHELL': '/bin/bash', 'BB_ENV_PASSTHROUGH_ADDITIONS': 'ALL_PROXY BBPATH_EXTRA BB_LOGCONFIG BB_NO_NETWORK BB_NUMBER_THREADS BB_SETSCENE_ENFORCE BB_SRCREV_POLICY DISTRO FTPS_PROXY FTP_PROXY GIT_PROXY_COMMAND HTTPS_PROXY HTTP_PROXY MACHINE NO_PROXY PARALLEL_MAKE SCREENDIR SDKMACHINE SOCKS5_PASSWD SOCKS5_USER SSH_AGENT_PID SSH_AUTH_SOCK STAMPS_DIR TCLIBC TCMODE all_proxy ftp_proxy ftps_proxy http_proxy https_proxy no_proxy ', 'PWD': '/home/its/tools/yocto/docker/z/workspace/rpz', 'LOGNAME': 'its', 'HOME': '/home/its', 'BBPATH': '/home/its/tools/yocto/docker/z/workspace/rpz', 'USER': 'its', 'PATH': '/home/its/tools/yocto/docker/z/workspace/sources/poky/scripts:/home/its/tools/yocto/docker/z/workspace/sources/poky/bitbake/bin:/home/its/.opencode/bin:/home/its/bin:/home/its/.opencode/bin:/home/its/bin:/home/its/.nvm/versions/node/v22.20.0/bin:/usr/local/sbin:/usr/local/bin:/usr/sbin:/usr/bin:/sbin:/bin:/usr/games:/usr/local/games:/snap/bin:/usr/local/share/dotnet:/usr/local/go/bin:/usr/local/go/bin:/usr/local/share/dotnet:/usr/local/go/bin:/usr/local/go/bin:/usr/local/share/dotnet', 'LC_ALL': 'en_US.UTF-8', 'NVM_INC': '/home/its/.nvm/versions/node/v22.20.0/include/node', 'HISTCONTROL': 'ignoreboth', 'TERM_PROGRAM_VERSION': '3.5a', 'OE_ADDED_PATHS': '/home/its/tools/yocto/docker/z/workspace/sources/poky/scripts:/home/its/tools/yocto/docker/z/workspace/sources/poky/bitbake/bin:', 'TMUX': '/tmp/tmux-1000/default,13514,0', 'AGENT': '1', 'XDG_SESSION_TYPE': 'tty', 'MC_TMPDIR': '/tmp/mc-ZH9YI3', 'MC_SID': '2680592', 'OPENCODE': '1', 'LANG': 'en_US.UTF-8', 'LS_COLORS': 'rs=0:di=01;34:ln=01;36:mh=00:pi=40;33:so=01;35:do=01;35:bd=40;33;01:cd=40;33;01:or=40;31;01:mi=00:su=37;41:sg=30;43:ca=00:tw=30;42:ow=34;42:st=37;44:ex=01;32:*.7z=01;31:*.ace=01;31:*.alz=01;31:*.apk=01;31:*.arc=01;31:*.arj=01;31:*.bz=01;31:*.bz2=01;31:*.cab=01;31:*.cpio=01;31:*.crate=01;31:*.deb=01;31:*.drpm=01;31:*.dwm=01;31:*.dz=01;31:*.ear=01;31:*.egg=01;31:*.esd=01;31:*.gz=01;31:*.jar=01;31:*.lha=01;31:*.lrz=01;31:*.lz=01;31:*.lz4=01;31:*.lzh=01;31:*.lzma=01;31:*.lzo=01;31:*.pyz=01;31:*.rar=01;31:*.rpm=01;31:*.rz=01;31:*.sar=01;31:*.swm=01;31:*.t7z=01;31:*.tar=01;31:*.taz=01;31:*.tbz=01;31:*.tbz2=01;31:*.tgz=01;31:*.tlz=01;31:*.txz=01;31:*.tz=01;31:*.tzo=01;31:*.tzst=01;31:*.udeb=01;31:*.war=01;31:*.whl=01;31:*.wim=01;31:*.xz=01;31:*.z=01;31:*.zip=01;31:*.zoo=01;31:*.zst=01;31:*.avif=01;35:*.jpg=01;35:*.jpeg=01;35:*.mjpg=01;35:*.mjpeg=01;35:*.gif=01;35:*.bmp=01;35:*.pbm=01;35:*.pgm=01;35:*.ppm=01;35:*.tga=01;35:*.xbm=01;35:*.xpm=01;35:*.tif=01;35:*.tiff=01;35:*.png=01;35:*.svg=01;35:*.svgz=01;35:*.mng=01;35:*.pcx=01;35:*.mov=01;35:*.mpg=01;35:*.mpeg=01;35:*.m2v=01;35:*.mkv=01;35:*.webm=01;35:*.webp=01;35:*.ogm=01;35:*.mp4=01;35:*.m4v=01;35:*.mp4v=01;35:*.vob=01;35:*.qt=01;35:*.nuv=01;35:*.wmv=01;35:*.asf=01;35:*.rm=01;35:*.rmvb=01;35:*.flc=01;35:*.avi=01;35:*.fli=01;35:*.flv=01;35:*.gl=01;35:*.dl=01;35:*.xcf=01;35:*.xwd=01;35:*.yuv=01;35:*.cgm=01;35:*.emf=01;35:*.ogv=01;35:*.ogx=01;35:*.aac=00;36:*.au=00;36:*.flac=00;36:*.m4a=00;36:*.mid=00;36:*.midi=00;36:*.mka=00;36:*.mp3=00;36:*.mpc=00;36:*.ogg=00;36:*.ra=00;36:*.wav=00;36:*.oga=00;36:*.opus=00;36:*.spx=00;36:*.xspf=00;36:*~=00;90:*#=00;90:*.bak=00;90:*.crdownload=00;90:*.dpkg-dist=00;90:*.dpkg-new=00;90:*.dpkg-old=00;90:*.dpkg-tmp=00;90:*.old=00;90:*.orig=00;90:*.part=00;90:*.rej=00;90:*.rpmnew=00;90:*.rpmorig=00;90:*.rpmsave=00;90:*.swp=00;90:*.tmp=00;90:*.ucf-dist=00;90:*.ucf-new=00;90:*.ucf-old=00;90:', 'SSH_CONNECTION': 'fe80::cf2a:7aca:b0a2:8e8%enp0s3 62035 fe80::a00:27ff:fe3e:836c%enp0s3 22', 'NVM_DIR': '/home/its/.nvm', 'LESSCLOSE': '/usr/bin/lesspipe %s %s', 'XDG_SESSION_CLASS': 'user', 'PYTHONPATH': '/home/its/tools/yocto/docker/z/workspace/sources/poky/bitbake/lib:', 'TERM': 'tmux-256color', 'LESSOPEN': '| /usr/bin/lesspipe %s', 'TMUX_PANE': '%6', 'SHLVL': '3', 'NVM_CD_FLAGS': '', 'XDG_SESSION_ID': '5', 'XDG_RUNTIME_DIR': '/run/user/1000', 'SSH_CLIENT': 'fe80::2d09:5051:e49c:acba%enp0s3 49900 22', 'DEBUGINFOD_URLS': 'https://debuginfod.ubuntu.com ', 'XDG_DATA_DIRS': '/usr/share/gnome:/usr/local/share:/usr/share:/var/lib/snapd/desktop', 'DBUS_SESSION_BUS_ADDRESS': 'unix:path=/run/user/1000/bus', 'BUILDDIR': '/home/its/tools/yocto/docker/z/workspace/rpz', 'NVM_BIN': '/home/its/.nvm/versions/node/v22.20.0/bin', 'SSH_TTY': '/dev/pts/1', 'OLDPWD': '/home/its/tools/yocto/docker/z/workspace', 'TERM_PROGRAM': 'tmux', '_': '/home/its/tools/yocto/docker/z/workspace/sources/poky/bitbake/bin/bitbake'}, ['/home/its/tools/yocto/docker/z/workspace/sources/poky/bitbake/bin/bitbake', 'core-image-minimal']]
2702192 20:30:06.073677 Sending reply (None, 'bb.BBHandledException()\nTraceback (most recent call last):\n  File "/home/its/tools/yocto/docker/z/workspace/sources/poky/bitbake/lib/bb/command.py", line 90, in runCommand\n    result = command_method(self, commandline)\n  File "/home/its/tools/yocto/docker/z/workspace/sources/poky/bitbake/lib/bb/command.py", line 290, in updateConfig\n    command.cooker.updateConfigOpts(options, environment, cmdline)\n    ~~~~~~~~~~~~~~~~~~~~~~~~~~~~~~~^^^^^^^^^^^^^^^^^^^^^^^^^^^^^^^\n  File "/home/its/tools/yocto/docker/z/workspace/sources/poky/bitbake/lib/bb/cooker.py", line 463, in updateConfigOpts\n    self.reset()\n    ~~~~~~~~~~^^\n  File "/home/its/tools/yocto/docker/z/workspace/sources/poky/bitbake/lib/bb/cooker.py", line 1736, in reset\n    self.initConfigurationData()\n    ~~~~~~~~~~~~~~~~~~~~~~~~~~^^\n  File "/home/its/tools/yocto/docker/z/workspace/sources/poky/bitbake/lib/bb/cooker.py", line 283, in initConfigurationData\n    self.databuilder.parseBaseConfiguration()\n    ~~~~~~~~~~~~~~~~~~~~~~~~~~~~~~~~~~~~~~~^^\n  File "/home/its/tools/yocto/docker/z/workspace/sources/poky/bitbake/lib/bb/cookerdata.py", line 261, in parseBaseConfiguration\n    self.data = self.parseConfigurationFiles(self.prefiles, self.postfiles)\n                ~~~~~~~~~~~~~~~~~~~~~~~~~~~~^^^^^^^^^^^^^^^^^^^^^^^^^^^^^^^\n  File "/home/its/tools/yocto/docker/z/workspace/sources/poky/bitbake/lib/bb/cookerdata.py", line 383, in parseConfigurationFiles\n    raise bb.BBHandledException()\nbb.BBHandledException\n')
2702192 20:30:06.073784 Command Completed (socket: True)
2702192 20:30:06.324530 Processing Client
2702192 20:30:06.324609 Disconnecting Client (socket: True)
2702192 20:30:06.324708 No timeout, exiting.
2702192 20:30:06.425068 Exiting (socket: True)
2702192 20:30:06.425732 Exiting as we could obtain the lock
<sys>:0: ResourceWarning: unclosed file <_io.TextIOWrapper name='/home/its/tools/yocto/docker/z/workspace/rpz/bitbake-cookerdaemon.log' mode='a+' encoding='UTF-8'>
